{"/mnt/c/Users/mihaela.encheva/Desktop/gilded-rose-js-jest/src/gilded_rose.js": {"path":"/mnt/c/Users/mihaela.encheva/Desktop/gilded-rose-js-jest/src/gilded_rose.js","statementMap":{"0":{"start":{"line":3,"column":4},"end":{"line":3,"column":21}},"1":{"start":{"line":4,"column":4},"end":{"line":4,"column":25}},"2":{"start":{"line":5,"column":4},"end":{"line":5,"column":27}},"3":{"start":{"line":11,"column":4},"end":{"line":11,"column":23}},"4":{"start":{"line":14,"column":4},"end":{"line":62,"column":5}},"5":{"start":{"line":14,"column":17},"end":{"line":14,"column":18}},"6":{"start":{"line":15,"column":6},"end":{"line":61,"column":7}},"7":{"start":{"line":18,"column":8},"end":{"line":40,"column":9}},"8":{"start":{"line":19,"column":10},"end":{"line":23,"column":11}},"9":{"start":{"line":20,"column":12},"end":{"line":22,"column":13}},"10":{"start":{"line":21,"column":14},"end":{"line":21,"column":64}},"11":{"start":{"line":25,"column":10},"end":{"line":39,"column":11}},"12":{"start":{"line":26,"column":12},"end":{"line":26,"column":62}},"13":{"start":{"line":27,"column":12},"end":{"line":38,"column":13}},"14":{"start":{"line":28,"column":14},"end":{"line":32,"column":15}},"15":{"start":{"line":29,"column":16},"end":{"line":31,"column":17}},"16":{"start":{"line":30,"column":18},"end":{"line":30,"column":68}},"17":{"start":{"line":33,"column":14},"end":{"line":37,"column":15}},"18":{"start":{"line":34,"column":16},"end":{"line":36,"column":17}},"19":{"start":{"line":35,"column":18},"end":{"line":35,"column":68}},"20":{"start":{"line":41,"column":8},"end":{"line":43,"column":9}},"21":{"start":{"line":42,"column":10},"end":{"line":42,"column":58}},"22":{"start":{"line":44,"column":8},"end":{"line":60,"column":9}},"23":{"start":{"line":45,"column":10},"end":{"line":59,"column":11}},"24":{"start":{"line":46,"column":12},"end":{"line":54,"column":13}},"25":{"start":{"line":47,"column":14},"end":{"line":51,"column":15}},"26":{"start":{"line":48,"column":16},"end":{"line":50,"column":17}},"27":{"start":{"line":49,"column":18},"end":{"line":49,"column":68}},"28":{"start":{"line":53,"column":14},"end":{"line":53,"column":84}},"29":{"start":{"line":56,"column":12},"end":{"line":58,"column":13}},"30":{"start":{"line":57,"column":14},"end":{"line":57,"column":64}},"31":{"start":{"line":64,"column":4},"end":{"line":64,"column":22}},"32":{"start":{"line":68,"column":0},"end":{"line":71,"column":1}}},"fnMap":{"0":{"name":"(anonymous_0)","decl":{"start":{"line":2,"column":2},"end":{"line":2,"column":3}},"loc":{"start":{"line":2,"column":36},"end":{"line":6,"column":3}},"line":2},"1":{"name":"(anonymous_1)","decl":{"start":{"line":10,"column":2},"end":{"line":10,"column":3}},"loc":{"start":{"line":10,"column":23},"end":{"line":12,"column":3}},"line":10},"2":{"name":"(anonymous_2)","decl":{"start":{"line":13,"column":2},"end":{"line":13,"column":3}},"loc":{"start":{"line":13,"column":18},"end":{"line":65,"column":3}},"line":13}},"branchMap":{"0":{"loc":{"start":{"line":10,"column":14},"end":{"line":10,"column":22}},"type":"default-arg","locations":[{"start":{"line":10,"column":20},"end":{"line":10,"column":22}}],"line":10},"1":{"loc":{"start":{"line":15,"column":6},"end":{"line":61,"column":7}},"type":"if","locations":[{"start":{"line":15,"column":6},"end":{"line":61,"column":7}},{"start":{"line":15,"column":6},"end":{"line":61,"column":7}}],"line":15},"2":{"loc":{"start":{"line":18,"column":8},"end":{"line":40,"column":9}},"type":"if","locations":[{"start":{"line":18,"column":8},"end":{"line":40,"column":9}},{"start":{"line":18,"column":8},"end":{"line":40,"column":9}}],"line":18},"3":{"loc":{"start":{"line":18,"column":12},"end":{"line":18,"column":114}},"type":"binary-expr","locations":[{"start":{"line":18,"column":12},"end":{"line":18,"column":45}},{"start":{"line":18,"column":49},"end":{"line":18,"column":114}}],"line":18},"4":{"loc":{"start":{"line":19,"column":10},"end":{"line":23,"column":11}},"type":"if","locations":[{"start":{"line":19,"column":10},"end":{"line":23,"column":11}},{"start":{"line":19,"column":10},"end":{"line":23,"column":11}}],"line":19},"5":{"loc":{"start":{"line":20,"column":12},"end":{"line":22,"column":13}},"type":"if","locations":[{"start":{"line":20,"column":12},"end":{"line":22,"column":13}},{"start":{"line":20,"column":12},"end":{"line":22,"column":13}}],"line":20},"6":{"loc":{"start":{"line":25,"column":10},"end":{"line":39,"column":11}},"type":"if","locations":[{"start":{"line":25,"column":10},"end":{"line":39,"column":11}},{"start":{"line":25,"column":10},"end":{"line":39,"column":11}}],"line":25},"7":{"loc":{"start":{"line":27,"column":12},"end":{"line":38,"column":13}},"type":"if","locations":[{"start":{"line":27,"column":12},"end":{"line":38,"column":13}},{"start":{"line":27,"column":12},"end":{"line":38,"column":13}}],"line":27},"8":{"loc":{"start":{"line":28,"column":14},"end":{"line":32,"column":15}},"type":"if","locations":[{"start":{"line":28,"column":14},"end":{"line":32,"column":15}},{"start":{"line":28,"column":14},"end":{"line":32,"column":15}}],"line":28},"9":{"loc":{"start":{"line":29,"column":16},"end":{"line":31,"column":17}},"type":"if","locations":[{"start":{"line":29,"column":16},"end":{"line":31,"column":17}},{"start":{"line":29,"column":16},"end":{"line":31,"column":17}}],"line":29},"10":{"loc":{"start":{"line":33,"column":14},"end":{"line":37,"column":15}},"type":"if","locations":[{"start":{"line":33,"column":14},"end":{"line":37,"column":15}},{"start":{"line":33,"column":14},"end":{"line":37,"column":15}}],"line":33},"11":{"loc":{"start":{"line":34,"column":16},"end":{"line":36,"column":17}},"type":"if","locations":[{"start":{"line":34,"column":16},"end":{"line":36,"column":17}},{"start":{"line":34,"column":16},"end":{"line":36,"column":17}}],"line":34},"12":{"loc":{"start":{"line":41,"column":8},"end":{"line":43,"column":9}},"type":"if","locations":[{"start":{"line":41,"column":8},"end":{"line":43,"column":9}},{"start":{"line":41,"column":8},"end":{"line":43,"column":9}}],"line":41},"13":{"loc":{"start":{"line":44,"column":8},"end":{"line":60,"column":9}},"type":"if","locations":[{"start":{"line":44,"column":8},"end":{"line":60,"column":9}},{"start":{"line":44,"column":8},"end":{"line":60,"column":9}}],"line":44},"14":{"loc":{"start":{"line":45,"column":10},"end":{"line":59,"column":11}},"type":"if","locations":[{"start":{"line":45,"column":10},"end":{"line":59,"column":11}},{"start":{"line":45,"column":10},"end":{"line":59,"column":11}}],"line":45},"15":{"loc":{"start":{"line":46,"column":12},"end":{"line":54,"column":13}},"type":"if","locations":[{"start":{"line":46,"column":12},"end":{"line":54,"column":13}},{"start":{"line":46,"column":12},"end":{"line":54,"column":13}}],"line":46},"16":{"loc":{"start":{"line":47,"column":14},"end":{"line":51,"column":15}},"type":"if","locations":[{"start":{"line":47,"column":14},"end":{"line":51,"column":15}},{"start":{"line":47,"column":14},"end":{"line":51,"column":15}}],"line":47},"17":{"loc":{"start":{"line":48,"column":16},"end":{"line":50,"column":17}},"type":"if","locations":[{"start":{"line":48,"column":16},"end":{"line":50,"column":17}},{"start":{"line":48,"column":16},"end":{"line":50,"column":17}}],"line":48},"18":{"loc":{"start":{"line":56,"column":12},"end":{"line":58,"column":13}},"type":"if","locations":[{"start":{"line":56,"column":12},"end":{"line":58,"column":13}},{"start":{"line":56,"column":12},"end":{"line":58,"column":13}}],"line":56}},"s":{"0":13,"1":13,"2":13,"3":13,"4":13,"5":13,"6":13,"7":0,"8":0,"9":0,"10":0,"11":0,"12":0,"13":0,"14":0,"15":0,"16":0,"17":0,"18":0,"19":0,"20":0,"21":0,"22":0,"23":0,"24":0,"25":0,"26":0,"27":0,"28":0,"29":0,"30":0,"31":0,"32":1},"f":{"0":13,"1":13,"2":13},"b":{"0":[0],"1":[0,0],"2":[0,0],"3":[0,0],"4":[0,0],"5":[0,0],"6":[0,0],"7":[0,0],"8":[0,0],"9":[0,0],"10":[0,0],"11":[0,0],"12":[0,0],"13":[0,0],"14":[0,0],"15":[0,0],"16":[0,0],"17":[0,0],"18":[0,0]},"_coverageSchema":"43e27e138ebf9cfc5966b082cf9a028302ed4184","hash":"b3104a6733d1445a4f8f9a0e1018b7a4fcfa05dc"}
}
